Tue Dec 10 04:34:25 PM +07 2024: Monitor attached
Tue Dec 10 04:40:14 PM +07 2024: Monitor detached
Tue Feb 11 02:17:24 AM +07 2025: Monitor detached
Wed Feb 19 07:09:15 AM +07 2025: Monitor detached
Tue Feb 25 07:35:25 AM +07 2025: Monitor detached
Wed Feb 26 06:03:17 PM +07 2025: Monitor attached
Wed Feb 26 06:03:17 PM +07 2025: Monitor detached
Wed Feb 26 06:03:17 PM +07 2025: Monitor detached - update
Wed Feb 26 06:03:18 PM +07 2025: Monitor attached
Wed Feb 26 06:03:18 PM +07 2025: Monitor detached
Wed Feb 26 06:03:18 PM +07 2025: Monitor detached - update
Wed Feb 26 06:03:19 PM +07 2025: Monitor attached
Wed Feb 26 08:57:13 PM +07 2025: Monitor detached
Sun Mar  2 09:56:57 AM +07 2025: Monitor attached
Sun Mar  2 09:57:05 AM +07 2025: Monitor detached
Wed Mar  5 12:34:59 PM +07 2025: Monitor detached
Mon Mar 10 07:55:27 AM +07 2025: Monitor attached
Mon Mar 10 07:55:27 AM +07 2025: Monitor detached
Mon Mar 10 07:55:27 AM +07 2025: Monitor detached - update
Mon Mar 10 07:55:28 AM +07 2025: Monitor attached
Mon Mar 10 07:55:28 AM +07 2025: Monitor detached
Mon Mar 10 07:55:28 AM +07 2025: Monitor detached - update
Tue Mar 11 06:03:23 AM +07 2025: Monitor attached
Tue Mar 11 06:03:31 AM +07 2025: Monitor detached
Mon Mar 24 11:56:24 AM +07 2025: Monitor detached
Tue Mar 25 08:23:52 PM +07 2025: Monitor detached
Sat Apr  5 04:10:51 PM +07 2025: Monitor detached
Sat Apr 12 10:09:20 AM +07 2025: Monitor attached
Sat Apr 12 10:09:20 AM +07 2025: Monitor detached
Sat Apr 12 10:09:20 AM +07 2025: Monitor detached - update
Sat Apr 12 10:09:20 AM +07 2025: Monitor attached
Sat Apr 12 10:09:21 AM +07 2025: Monitor detached
Sat Apr 12 10:09:21 AM +07 2025: Monitor detached - update
Sat Apr 12 03:17:50 PM +07 2025: Monitor attached
Sat Apr 12 03:19:02 PM +07 2025: Monitor detached
Mon Apr 14 05:51:16 PM +07 2025: Monitor detached
Tue Apr 15 10:07:25 AM +07 2025: Monitor attached
Tue Apr 15 10:07:33 AM +07 2025: Monitor detached
Tue Apr 15 10:40:04 AM +07 2025: Monitor attached
Tue Apr 15 10:40:04 AM +07 2025: Monitor detached
Tue Apr 15 10:40:04 AM +07 2025: Monitor detached - update
Tue Apr 15 10:40:04 AM +07 2025: Monitor attached
Tue Apr 15 10:40:05 AM +07 2025: Monitor detached
Tue Apr 15 10:40:05 AM +07 2025: Monitor detached - update
Thu Apr 17 08:56:25 PM +07 2025: Monitor detached
